0 info it worked if it ends with ok
1 verbose cli [ '/usr/local/Cellar/node/4.1.1/bin/node',
1 verbose cli   '/usr/local/bin/npm',
1 verbose cli   'install' ]
2 info using npm@2.14.4
3 info using node@v4.1.1
4 verbose readDependencies loading dependencies from /Users/baruch/Personal/elixir_game_engine/game_server/package.json
5 verbose install where, deps [ '/Users/baruch/Personal/elixir_game_engine/game_server',
5 verbose install   [ 'phoenix',
5 verbose install     'phoenix_html',
5 verbose install     'babel-brunch',
5 verbose install     'brunch',
5 verbose install     'clean-css-brunch',
5 verbose install     'css-brunch',
5 verbose install     'javascript-brunch',
5 verbose install     'uglify-js-brunch' ] ]
6 verbose install where, peers [ '/Users/baruch/Personal/elixir_game_engine/game_server', [] ]
7 verbose installManyTop reading for lifecycle /Users/baruch/Personal/elixir_game_engine/game_server/package.json
8 info preinstall @
9 verbose readDependencies loading dependencies from /Users/baruch/Personal/elixir_game_engine/game_server/package.json
10 silly cache add args [ 'phoenix@file:deps/phoenix', null ]
11 verbose cache add spec phoenix@file:deps/phoenix
12 silly cache add args [ 'phoenix_html@file:deps/phoenix_html', null ]
13 verbose cache add spec phoenix_html@file:deps/phoenix_html
14 silly cache add args [ 'babel-brunch@~6.0.0', null ]
15 verbose cache add spec babel-brunch@~6.0.0
16 silly cache add parsed spec Result {
16 silly cache add   raw: 'babel-brunch@~6.0.0',
16 silly cache add   scope: null,
16 silly cache add   name: 'babel-brunch',
16 silly cache add   rawSpec: '~6.0.0',
16 silly cache add   spec: '>=6.0.0 <6.1.0',
16 silly cache add   type: 'range' }
17 silly addNamed babel-brunch@>=6.0.0 <6.1.0
18 verbose addNamed ">=6.0.0 <6.1.0" is a valid semver range for babel-brunch
19 silly addNameRange { name: 'babel-brunch', range: '>=6.0.0 <6.1.0', hasData: false }
20 silly mapToRegistry name babel-brunch
21 silly mapToRegistry using default registry
22 silly mapToRegistry registry https://registry.npmjs.org/
23 silly mapToRegistry uri https://registry.npmjs.org/babel-brunch
24 verbose addNameRange registry:https://registry.npmjs.org/babel-brunch not in flight; fetching
25 silly cache add args [ 'brunch@2.7.4', null ]
26 verbose cache add spec brunch@2.7.4
27 silly cache add parsed spec Result {
27 silly cache add   raw: 'brunch@2.7.4',
27 silly cache add   scope: null,
27 silly cache add   name: 'brunch',
27 silly cache add   rawSpec: '2.7.4',
27 silly cache add   spec: '2.7.4',
27 silly cache add   type: 'version' }
28 silly addNamed brunch@2.7.4
29 verbose addNamed "2.7.4" is a plain semver version for brunch
30 silly mapToRegistry name brunch
31 silly mapToRegistry using default registry
32 silly mapToRegistry registry https://registry.npmjs.org/
33 silly mapToRegistry uri https://registry.npmjs.org/brunch
34 verbose addNameVersion registry:https://registry.npmjs.org/brunch not in flight; fetching
35 silly cache add args [ 'clean-css-brunch@~2.0.0', null ]
36 verbose cache add spec clean-css-brunch@~2.0.0
37 silly cache add parsed spec Result {
37 silly cache add   raw: 'clean-css-brunch@~2.0.0',
37 silly cache add   scope: null,
37 silly cache add   name: 'clean-css-brunch',
37 silly cache add   rawSpec: '~2.0.0',
37 silly cache add   spec: '>=2.0.0 <2.1.0',
37 silly cache add   type: 'range' }
38 silly addNamed clean-css-brunch@>=2.0.0 <2.1.0
39 verbose addNamed ">=2.0.0 <2.1.0" is a valid semver range for clean-css-brunch
40 silly addNameRange { name: 'clean-css-brunch',
40 silly addNameRange   range: '>=2.0.0 <2.1.0',
40 silly addNameRange   hasData: false }
41 silly mapToRegistry name clean-css-brunch
42 silly mapToRegistry using default registry
43 silly mapToRegistry registry https://registry.npmjs.org/
44 silly mapToRegistry uri https://registry.npmjs.org/clean-css-brunch
45 verbose addNameRange registry:https://registry.npmjs.org/clean-css-brunch not in flight; fetching
46 silly cache add args [ 'css-brunch@~2.0.0', null ]
47 verbose cache add spec css-brunch@~2.0.0
48 silly cache add parsed spec Result {
48 silly cache add   raw: 'css-brunch@~2.0.0',
48 silly cache add   scope: null,
48 silly cache add   name: 'css-brunch',
48 silly cache add   rawSpec: '~2.0.0',
48 silly cache add   spec: '>=2.0.0 <2.1.0',
48 silly cache add   type: 'range' }
49 silly addNamed css-brunch@>=2.0.0 <2.1.0
50 verbose addNamed ">=2.0.0 <2.1.0" is a valid semver range for css-brunch
51 silly addNameRange { name: 'css-brunch', range: '>=2.0.0 <2.1.0', hasData: false }
52 silly mapToRegistry name css-brunch
53 silly mapToRegistry using default registry
54 silly mapToRegistry registry https://registry.npmjs.org/
55 silly mapToRegistry uri https://registry.npmjs.org/css-brunch
56 verbose addNameRange registry:https://registry.npmjs.org/css-brunch not in flight; fetching
57 silly cache add args [ 'javascript-brunch@~2.0.0', null ]
58 verbose cache add spec javascript-brunch@~2.0.0
59 silly cache add parsed spec Result {
59 silly cache add   raw: 'javascript-brunch@~2.0.0',
59 silly cache add   scope: null,
59 silly cache add   name: 'javascript-brunch',
59 silly cache add   rawSpec: '~2.0.0',
59 silly cache add   spec: '>=2.0.0 <2.1.0',
59 silly cache add   type: 'range' }
60 silly addNamed javascript-brunch@>=2.0.0 <2.1.0
61 verbose addNamed ">=2.0.0 <2.1.0" is a valid semver range for javascript-brunch
62 silly addNameRange { name: 'javascript-brunch',
62 silly addNameRange   range: '>=2.0.0 <2.1.0',
62 silly addNameRange   hasData: false }
63 silly mapToRegistry name javascript-brunch
64 silly mapToRegistry using default registry
65 silly mapToRegistry registry https://registry.npmjs.org/
66 silly mapToRegistry uri https://registry.npmjs.org/javascript-brunch
67 verbose addNameRange registry:https://registry.npmjs.org/javascript-brunch not in flight; fetching
68 silly cache add args [ 'uglify-js-brunch@~2.0.1', null ]
69 verbose cache add spec uglify-js-brunch@~2.0.1
70 silly cache add parsed spec Result {
70 silly cache add   raw: 'uglify-js-brunch@~2.0.1',
70 silly cache add   scope: null,
70 silly cache add   name: 'uglify-js-brunch',
70 silly cache add   rawSpec: '~2.0.1',
70 silly cache add   spec: '>=2.0.1 <2.1.0',
70 silly cache add   type: 'range' }
71 silly addNamed uglify-js-brunch@>=2.0.1 <2.1.0
72 verbose addNamed ">=2.0.1 <2.1.0" is a valid semver range for uglify-js-brunch
73 silly addNameRange { name: 'uglify-js-brunch',
73 silly addNameRange   range: '>=2.0.1 <2.1.0',
73 silly addNameRange   hasData: false }
74 silly mapToRegistry name uglify-js-brunch
75 silly mapToRegistry using default registry
76 silly mapToRegistry registry https://registry.npmjs.org/
77 silly mapToRegistry uri https://registry.npmjs.org/uglify-js-brunch
78 verbose addNameRange registry:https://registry.npmjs.org/uglify-js-brunch not in flight; fetching
79 silly cache add parsed spec Result {
79 silly cache add   raw: 'phoenix@file:deps/phoenix',
79 silly cache add   scope: null,
79 silly cache add   name: 'phoenix',
79 silly cache add   rawSpec: 'file:deps/phoenix',
79 silly cache add   spec: '/Users/baruch/Personal/elixir_game_engine/game_server/deps/phoenix',
79 silly cache add   type: 'local' }
80 silly cache add parsed spec Result {
80 silly cache add   raw: 'phoenix_html@file:deps/phoenix_html',
80 silly cache add   scope: null,
80 silly cache add   name: 'phoenix_html',
80 silly cache add   rawSpec: 'file:deps/phoenix_html',
80 silly cache add   spec: '/Users/baruch/Personal/elixir_game_engine/game_server/deps/phoenix_html',
80 silly cache add   type: 'local' }
81 error addLocal Could not install /Users/baruch/Personal/elixir_game_engine/game_server/deps/phoenix
82 error addLocal Could not install /Users/baruch/Personal/elixir_game_engine/game_server/deps/phoenix_html
83 verbose request uri https://registry.npmjs.org/babel-brunch
84 verbose request no auth needed
85 info attempt registry request try #1 at 12:40:07 PM
86 verbose request id 70b91bdf2d629f5d
87 verbose etag "3KJ2FP8KIHGG2Z3EHRJ68ETJD"
88 http request GET https://registry.npmjs.org/babel-brunch
89 verbose request uri https://registry.npmjs.org/css-brunch
90 verbose request no auth needed
91 info attempt registry request try #1 at 12:40:07 PM
92 verbose etag "4YX2L1NJVSI2XGV2B6L7CKNYH"
93 http request GET https://registry.npmjs.org/css-brunch
94 verbose request uri https://registry.npmjs.org/clean-css-brunch
95 verbose request no auth needed
96 info attempt registry request try #1 at 12:40:07 PM
97 verbose etag "5MPZPCMAI74IWZRADCMJFIHZW"
98 http request GET https://registry.npmjs.org/clean-css-brunch
99 verbose request uri https://registry.npmjs.org/uglify-js-brunch
100 verbose request no auth needed
101 info attempt registry request try #1 at 12:40:07 PM
102 verbose etag "13FU9J8Y5W216UTLU2ZRS4T4M"
103 http request GET https://registry.npmjs.org/uglify-js-brunch
104 verbose request uri https://registry.npmjs.org/javascript-brunch
105 verbose request no auth needed
106 info attempt registry request try #1 at 12:40:07 PM
107 verbose etag "29I869TOMAOKBX6F9X34ADN83"
108 http request GET https://registry.npmjs.org/javascript-brunch
109 verbose request uri https://registry.npmjs.org/brunch
110 verbose request no auth needed
111 info attempt registry request try #1 at 12:40:07 PM
112 verbose etag "2GTIY0AJC151SHIAX2M88X72U"
113 http request GET https://registry.npmjs.org/brunch
114 http 304 https://registry.npmjs.org/uglify-js-brunch
115 silly get cb [ 304,
115 silly get   { date: 'Sat, 10 Sep 2016 10:40:08 GMT',
115 silly get     via: '1.1 varnish',
115 silly get     'cache-control': 'max-age=300',
115 silly get     etag: '"13FU9J8Y5W216UTLU2ZRS4T4M"',
115 silly get     age: '166',
115 silly get     connection: 'keep-alive',
115 silly get     'x-served-by': 'cache-lcy1127-LCY',
115 silly get     'x-cache': 'HIT',
115 silly get     'x-cache-hits': '1',
115 silly get     'x-timer': 'S1473504008.205064,VS0,VE0',
115 silly get     vary: 'Accept-Encoding' } ]
116 verbose etag https://registry.npmjs.org/uglify-js-brunch from cache
117 verbose get saving uglify-js-brunch to /Users/baruch/Personal/.npm/registry.npmjs.org/uglify-js-brunch/.cache.json
118 http 304 https://registry.npmjs.org/brunch
119 silly get cb [ 304,
119 silly get   { date: 'Sat, 10 Sep 2016 10:40:08 GMT',
119 silly get     via: '1.1 varnish',
119 silly get     'cache-control': 'max-age=300',
119 silly get     etag: '"2GTIY0AJC151SHIAX2M88X72U"',
119 silly get     age: '166',
119 silly get     connection: 'keep-alive',
119 silly get     'x-served-by': 'cache-lcy1127-LCY',
119 silly get     'x-cache': 'HIT',
119 silly get     'x-cache-hits': '1',
119 silly get     'x-timer': 'S1473504008.213883,VS0,VE0',
119 silly get     vary: 'Accept-Encoding' } ]
120 verbose etag https://registry.npmjs.org/brunch from cache
121 verbose get saving brunch to /Users/baruch/Personal/.npm/registry.npmjs.org/brunch/.cache.json
122 silly addNameRange number 2 { name: 'uglify-js-brunch',
122 silly addNameRange   range: '>=2.0.1 <2.1.0',
122 silly addNameRange   hasData: true }
123 silly addNameRange versions [ 'uglify-js-brunch',
123 silly addNameRange   [ '1.0.0',
123 silly addNameRange     '1.1.0',
123 silly addNameRange     '1.1.1',
123 silly addNameRange     '1.3.0',
123 silly addNameRange     '1.3.1',
123 silly addNameRange     '1.5.0',
123 silly addNameRange     '1.5.1',
123 silly addNameRange     '1.7.0',
123 silly addNameRange     '1.7.1',
123 silly addNameRange     '1.7.2',
123 silly addNameRange     '1.7.3',
123 silly addNameRange     '1.7.4',
123 silly addNameRange     '1.7.5',
123 silly addNameRange     '1.7.6',
123 silly addNameRange     '1.7.7',
123 silly addNameRange     '1.7.8',
123 silly addNameRange     '2.0.0',
123 silly addNameRange     '2.0.1' ] ]
124 silly addNamed uglify-js-brunch@2.0.1
125 verbose addNamed "2.0.1" is a plain semver version for uglify-js-brunch
126 silly cache afterAdd uglify-js-brunch@2.0.1
127 verbose afterAdd /Users/baruch/Personal/.npm/uglify-js-brunch/2.0.1/package/package.json not in flight; writing
128 silly cache afterAdd brunch@2.7.4
129 verbose afterAdd /Users/baruch/Personal/.npm/brunch/2.7.4/package/package.json not in flight; writing
130 verbose afterAdd /Users/baruch/Personal/.npm/uglify-js-brunch/2.0.1/package/package.json written
131 verbose afterAdd /Users/baruch/Personal/.npm/brunch/2.7.4/package/package.json written
132 http 304 https://registry.npmjs.org/css-brunch
133 silly get cb [ 304,
133 silly get   { date: 'Sat, 10 Sep 2016 10:40:08 GMT',
133 silly get     via: '1.1 varnish',
133 silly get     'cache-control': 'max-age=300',
133 silly get     etag: '"4YX2L1NJVSI2XGV2B6L7CKNYH"',
133 silly get     age: '166',
133 silly get     connection: 'keep-alive',
133 silly get     'x-served-by': 'cache-lcy1128-LCY',
133 silly get     'x-cache': 'HIT',
133 silly get     'x-cache-hits': '1',
133 silly get     'x-timer': 'S1473504008.236983,VS0,VE0',
133 silly get     vary: 'Accept-Encoding' } ]
134 verbose etag https://registry.npmjs.org/css-brunch from cache
135 verbose get saving css-brunch to /Users/baruch/Personal/.npm/registry.npmjs.org/css-brunch/.cache.json
136 silly addNameRange number 2 { name: 'css-brunch', range: '>=2.0.0 <2.1.0', hasData: true }
137 silly addNameRange versions [ 'css-brunch',
137 silly addNameRange   [ '1.0.0',
137 silly addNameRange     '1.1.0',
137 silly addNameRange     '1.1.1',
137 silly addNameRange     '1.3.0',
137 silly addNameRange     '1.5.0',
137 silly addNameRange     '1.5.1',
137 silly addNameRange     '1.6.0',
137 silly addNameRange     '1.7.0',
137 silly addNameRange     '2.0.0',
137 silly addNameRange     '2.6.0',
137 silly addNameRange     '2.6.1' ] ]
138 silly addNamed css-brunch@2.0.0
139 verbose addNamed "2.0.0" is a plain semver version for css-brunch
140 silly cache afterAdd css-brunch@2.0.0
141 verbose afterAdd /Users/baruch/Personal/.npm/css-brunch/2.0.0/package/package.json not in flight; writing
142 verbose afterAdd /Users/baruch/Personal/.npm/css-brunch/2.0.0/package/package.json written
143 http 304 https://registry.npmjs.org/babel-brunch
144 silly get cb [ 304,
144 silly get   { date: 'Sat, 10 Sep 2016 10:40:08 GMT',
144 silly get     via: '1.1 varnish',
144 silly get     'cache-control': 'max-age=300',
144 silly get     etag: '"3KJ2FP8KIHGG2Z3EHRJ68ETJD"',
144 silly get     age: '165',
144 silly get     connection: 'keep-alive',
144 silly get     'x-served-by': 'cache-lcy1132-LCY',
144 silly get     'x-cache': 'HIT',
144 silly get     'x-cache-hits': '1',
144 silly get     'x-timer': 'S1473504008.271752,VS0,VE0',
144 silly get     vary: 'Accept-Encoding' } ]
145 verbose etag https://registry.npmjs.org/babel-brunch from cache
146 verbose get saving babel-brunch to /Users/baruch/Personal/.npm/registry.npmjs.org/babel-brunch/.cache.json
147 silly addNameRange number 2 { name: 'babel-brunch', range: '>=6.0.0 <6.1.0', hasData: true }
148 silly addNameRange versions [ 'babel-brunch',
148 silly addNameRange   [ '4.0.0',
148 silly addNameRange     '5.0.0',
148 silly addNameRange     '5.0.1',
148 silly addNameRange     '5.1.0',
148 silly addNameRange     '5.1.1',
148 silly addNameRange     '5.1.2',
148 silly addNameRange     '6.0.0',
148 silly addNameRange     '6.0.1',
148 silly addNameRange     '6.0.2',
148 silly addNameRange     '6.0.3',
148 silly addNameRange     '6.0.4',
148 silly addNameRange     '6.0.5',
148 silly addNameRange     '6.0.6' ] ]
149 silly addNamed babel-brunch@6.0.6
150 verbose addNamed "6.0.6" is a plain semver version for babel-brunch
151 silly cache afterAdd babel-brunch@6.0.6
152 verbose afterAdd /Users/baruch/Personal/.npm/babel-brunch/6.0.6/package/package.json not in flight; writing
153 verbose afterAdd /Users/baruch/Personal/.npm/babel-brunch/6.0.6/package/package.json written
154 http 304 https://registry.npmjs.org/clean-css-brunch
155 silly get cb [ 304,
155 silly get   { date: 'Sat, 10 Sep 2016 10:40:08 GMT',
155 silly get     via: '1.1 varnish',
155 silly get     'cache-control': 'max-age=300',
155 silly get     etag: '"5MPZPCMAI74IWZRADCMJFIHZW"',
155 silly get     age: '166',
155 silly get     connection: 'keep-alive',
155 silly get     'x-served-by': 'cache-lcy1122-LCY',
155 silly get     'x-cache': 'HIT',
155 silly get     'x-cache-hits': '1',
155 silly get     'x-timer': 'S1473504008.285136,VS0,VE0',
155 silly get     vary: 'Accept-Encoding' } ]
156 verbose etag https://registry.npmjs.org/clean-css-brunch from cache
157 verbose get saving clean-css-brunch to /Users/baruch/Personal/.npm/registry.npmjs.org/clean-css-brunch/.cache.json
158 silly addNameRange number 2 { name: 'clean-css-brunch',
158 silly addNameRange   range: '>=2.0.0 <2.1.0',
158 silly addNameRange   hasData: true }
159 silly addNameRange versions [ 'clean-css-brunch',
159 silly addNameRange   [ '1.0.0',
159 silly addNameRange     '1.1.0',
159 silly addNameRange     '1.1.1',
159 silly addNameRange     '1.3.0',
159 silly addNameRange     '1.4.0',
159 silly addNameRange     '1.5.0',
159 silly addNameRange     '1.5.1',
159 silly addNameRange     '1.6.0',
159 silly addNameRange     '1.7.0',
159 silly addNameRange     '1.7.1',
159 silly addNameRange     '1.7.2',
159 silly addNameRange     '1.8.0',
159 silly addNameRange     '2.0.0' ] ]
160 silly addNamed clean-css-brunch@2.0.0
161 verbose addNamed "2.0.0" is a plain semver version for clean-css-brunch
162 silly cache afterAdd clean-css-brunch@2.0.0
163 verbose afterAdd /Users/baruch/Personal/.npm/clean-css-brunch/2.0.0/package/package.json not in flight; writing
164 verbose afterAdd /Users/baruch/Personal/.npm/clean-css-brunch/2.0.0/package/package.json written
165 http 304 https://registry.npmjs.org/javascript-brunch
166 silly get cb [ 304,
166 silly get   { date: 'Sat, 10 Sep 2016 10:40:08 GMT',
166 silly get     via: '1.1 varnish',
166 silly get     'cache-control': 'max-age=300',
166 silly get     etag: '"29I869TOMAOKBX6F9X34ADN83"',
166 silly get     age: '165',
166 silly get     connection: 'keep-alive',
166 silly get     'x-served-by': 'cache-lcy1121-LCY',
166 silly get     'x-cache': 'HIT',
166 silly get     'x-cache-hits': '1',
166 silly get     'x-timer': 'S1473504008.291188,VS0,VE0',
166 silly get     vary: 'Accept-Encoding' } ]
167 verbose etag https://registry.npmjs.org/javascript-brunch from cache
168 verbose get saving javascript-brunch to /Users/baruch/Personal/.npm/registry.npmjs.org/javascript-brunch/.cache.json
169 silly addNameRange number 2 { name: 'javascript-brunch',
169 silly addNameRange   range: '>=2.0.0 <2.1.0',
169 silly addNameRange   hasData: true }
170 silly addNameRange versions [ 'javascript-brunch',
170 silly addNameRange   [ '1.0.0',
170 silly addNameRange     '1.1.0',
170 silly addNameRange     '1.1.1',
170 silly addNameRange     '1.3.0',
170 silly addNameRange     '1.5.0',
170 silly addNameRange     '1.5.1',
170 silly addNameRange     '1.6.0',
170 silly addNameRange     '1.7.0',
170 silly addNameRange     '1.7.1',
170 silly addNameRange     '1.8.0',
170 silly addNameRange     '2.0.0' ] ]
171 silly addNamed javascript-brunch@2.0.0
172 verbose addNamed "2.0.0" is a plain semver version for javascript-brunch
173 silly cache afterAdd javascript-brunch@2.0.0
174 verbose afterAdd /Users/baruch/Personal/.npm/javascript-brunch/2.0.0/package/package.json not in flight; writing
175 verbose afterAdd /Users/baruch/Personal/.npm/javascript-brunch/2.0.0/package/package.json written
176 verbose stack Error: ENOENT: no such file or directory, open '/Users/baruch/Personal/elixir_game_engine/game_server/deps/phoenix'
176 verbose stack     at Error (native)
177 verbose cwd /Users/baruch/Personal/elixir_game_engine/game_server
178 error Darwin 15.6.0
179 error argv "/usr/local/Cellar/node/4.1.1/bin/node" "/usr/local/bin/npm" "install"
180 error node v4.1.1
181 error npm  v2.14.4
182 error path /Users/baruch/Personal/elixir_game_engine/game_server/deps/phoenix
183 error code ENOENT
184 error errno -2
185 error syscall open
186 error enoent ENOENT: no such file or directory, open '/Users/baruch/Personal/elixir_game_engine/game_server/deps/phoenix'
186 error enoent This is most likely not a problem with npm itself
186 error enoent and is related to npm not being able to find a file.
187 verbose exit [ -2, true ]
